<?xml version="1.0" encoding="UTF-8"?>
<testsuite name="com.unla.grpc.UserServerApplicationTests" tests="1" skipped="0" failures="0" errors="0" timestamp="2022-08-25T04:32:00" hostname="AMAC02FPGRMMD6M" time="0.069">
  <properties/>
  <testcase name="contextLoads()" classname="com.unla.grpc.UserServerApplicationTests" time="0.069"/>
  <system-out><![CDATA[01:31:57.268 [Test worker] DEBUG org.springframework.test.context.BootstrapUtils - Instantiating CacheAwareContextLoaderDelegate from class [org.springframework.test.context.cache.DefaultCacheAwareContextLoaderDelegate]
01:31:57.277 [Test worker] DEBUG org.springframework.test.context.BootstrapUtils - Instantiating BootstrapContext using constructor [public org.springframework.test.context.support.DefaultBootstrapContext(java.lang.Class,org.springframework.test.context.CacheAwareContextLoaderDelegate)]
01:31:57.307 [Test worker] DEBUG org.springframework.test.context.BootstrapUtils - Instantiating TestContextBootstrapper for test class [com.unla.grpc.UserServerApplicationTests] from class [org.springframework.boot.test.context.SpringBootTestContextBootstrapper]
01:31:57.316 [Test worker] INFO org.springframework.boot.test.context.SpringBootTestContextBootstrapper - Neither @ContextConfiguration nor @ContextHierarchy found for test class [com.unla.grpc.UserServerApplicationTests], using SpringBootContextLoader
01:31:57.318 [Test worker] DEBUG org.springframework.test.context.support.AbstractContextLoader - Did not detect default resource location for test class [com.unla.grpc.UserServerApplicationTests]: class path resource [com/unla/grpc/UserServerApplicationTests-context.xml] does not exist
01:31:57.319 [Test worker] DEBUG org.springframework.test.context.support.AbstractContextLoader - Did not detect default resource location for test class [com.unla.grpc.UserServerApplicationTests]: class path resource [com/unla/grpc/UserServerApplicationTestsContext.groovy] does not exist
01:31:57.319 [Test worker] INFO org.springframework.test.context.support.AbstractContextLoader - Could not detect default resource locations for test class [com.unla.grpc.UserServerApplicationTests]: no resource found for suffixes {-context.xml, Context.groovy}.
01:31:57.320 [Test worker] INFO org.springframework.test.context.support.AnnotationConfigContextLoaderUtils - Could not detect default configuration classes for test class [com.unla.grpc.UserServerApplicationTests]: UserServerApplicationTests does not declare any static, non-private, non-final, nested classes annotated with @Configuration.
01:31:57.369 [Test worker] DEBUG org.springframework.test.context.support.ActiveProfilesUtils - Could not find an 'annotation declaring class' for annotation type [org.springframework.test.context.ActiveProfiles] and class [com.unla.grpc.UserServerApplicationTests]
01:31:57.413 [Test worker] DEBUG org.springframework.context.annotation.ClassPathScanningCandidateComponentProvider - Identified candidate component class: file [/Users/gabriel.b.fernandez/IdeaProjects/Unla/grpc-user-server/build/classes/java/main/com/unla/grpc/UserServerApplication.class]
01:31:57.414 [Test worker] INFO org.springframework.boot.test.context.SpringBootTestContextBootstrapper - Found @SpringBootConfiguration com.unla.grpc.UserServerApplication for test class com.unla.grpc.UserServerApplicationTests
01:31:57.480 [Test worker] DEBUG org.springframework.boot.test.context.SpringBootTestContextBootstrapper - @TestExecutionListeners is not present for class [com.unla.grpc.UserServerApplicationTests]: using defaults.
01:31:57.480 [Test worker] INFO org.springframework.boot.test.context.SpringBootTestContextBootstrapper - Loaded default TestExecutionListener class names from location [META-INF/spring.factories]: [org.springframework.boot.test.autoconfigure.restdocs.RestDocsTestExecutionListener, org.springframework.boot.test.autoconfigure.web.client.MockRestServiceServerResetTestExecutionListener, org.springframework.boot.test.autoconfigure.web.servlet.MockMvcPrintOnlyOnFailureTestExecutionListener, org.springframework.boot.test.autoconfigure.web.servlet.WebDriverTestExecutionListener, org.springframework.boot.test.autoconfigure.webservices.client.MockWebServiceServerTestExecutionListener, org.springframework.boot.test.mock.mockito.MockitoTestExecutionListener, org.springframework.boot.test.mock.mockito.ResetMocksTestExecutionListener, org.springframework.test.context.web.ServletTestExecutionListener, org.springframework.test.context.support.DirtiesContextBeforeModesTestExecutionListener, org.springframework.test.context.event.ApplicationEventsTestExecutionListener, org.springframework.test.context.support.DependencyInjectionTestExecutionListener, org.springframework.test.context.support.DirtiesContextTestExecutionListener, org.springframework.test.context.transaction.TransactionalTestExecutionListener, org.springframework.test.context.jdbc.SqlScriptsTestExecutionListener, org.springframework.test.context.event.EventPublishingTestExecutionListener]
01:31:57.491 [Test worker] INFO org.springframework.boot.test.context.SpringBootTestContextBootstrapper - Using TestExecutionListeners: [org.springframework.test.context.web.ServletTestExecutionListener@2a7b6f69, org.springframework.test.context.support.DirtiesContextBeforeModesTestExecutionListener@20312893, org.springframework.test.context.event.ApplicationEventsTestExecutionListener@70eecdc2, org.springframework.boot.test.mock.mockito.MockitoTestExecutionListener@c41709a, org.springframework.boot.test.autoconfigure.SpringBootDependencyInjectionTestExecutionListener@7db0565c, org.springframework.test.context.support.DirtiesContextTestExecutionListener@54ec8cc9, org.springframework.test.context.transaction.TransactionalTestExecutionListener@52eacb4b, org.springframework.test.context.jdbc.SqlScriptsTestExecutionListener@5528a42c, org.springframework.test.context.event.EventPublishingTestExecutionListener@2a551a63, org.springframework.boot.test.autoconfigure.restdocs.RestDocsTestExecutionListener@1a6f5124, org.springframework.boot.test.autoconfigure.web.client.MockRestServiceServerResetTestExecutionListener@1edb61b1, org.springframework.boot.test.autoconfigure.web.servlet.MockMvcPrintOnlyOnFailureTestExecutionListener@ec2bf82, org.springframework.boot.test.autoconfigure.web.servlet.WebDriverTestExecutionListener@cc62a3b, org.springframework.boot.test.autoconfigure.webservices.client.MockWebServiceServerTestExecutionListener@6cc0bcf6, org.springframework.boot.test.mock.mockito.ResetMocksTestExecutionListener@29539e36]
01:31:57.493 [Test worker] DEBUG org.springframework.test.context.support.AbstractDirtiesContextTestExecutionListener - Before test class: context [DefaultTestContext@1fc793c2 testClass = UserServerApplicationTests, testInstance = [null], testMethod = [null], testException = [null], mergedContextConfiguration = [WebMergedContextConfiguration@2575f671 testClass = UserServerApplicationTests, locations = '{}', classes = '{class com.unla.grpc.UserServerApplication}', contextInitializerClasses = '[]', activeProfiles = '{}', propertySourceLocations = '{}', propertySourceProperties = '{org.springframework.boot.test.context.SpringBootTestContextBootstrapper=true}', contextCustomizers = set[org.springframework.boot.test.autoconfigure.actuate.metrics.MetricsExportContextCustomizerFactory$DisableMetricExportContextCustomizer@39ad977d, org.springframework.boot.test.autoconfigure.properties.PropertyMappingContextCustomizer@0, org.springframework.boot.test.autoconfigure.web.servlet.WebDriverContextCustomizerFactory$Customizer@665df3c6, org.springframework.boot.test.context.filter.ExcludeFilterContextCustomizer@5c00384f, org.springframework.boot.test.json.DuplicateJsonObjectContextCustomizerFactory$DuplicateJsonObjectContextCustomizer@7b8233cd, org.springframework.boot.test.mock.mockito.MockitoContextCustomizer@0, org.springframework.boot.test.web.client.TestRestTemplateContextCustomizer@16746061, org.springframework.boot.test.context.SpringBootTestArgs@1, org.springframework.boot.test.context.SpringBootTestWebEnvironment@16612a51], resourceBasePath = 'src/main/webapp', contextLoader = 'org.springframework.boot.test.context.SpringBootContextLoader', parent = [null]], attributes = map['org.springframework.test.context.web.ServletTestExecutionListener.activateListener' -> true]], class annotated with @DirtiesContext [false] with mode [null].

  .   ____          _            __ _ _
 /\\ / ___'_ __ _ _(_)_ __  __ _ \ \ \ \
( ( )\___ | '_ | '_| | '_ \/ _` | \ \ \ \
 \\/  ___)| |_)| | | | | || (_| |  ) ) ) )
  '  |____| .__|_| |_|_| |_\__, | / / / /
 =========|_|==============|___/=/_/_/_/
 :: Spring Boot ::                (v2.7.3)

2022-08-25 01:31:57.788  INFO 92145 --- [    Test worker] c.unla.grpc.UserServerApplicationTests   : Starting UserServerApplicationTests using Java 11.0.12 on AMAC02FPGRMMD6M with PID 92145 (started by gabriel.b.fernandez in /Users/gabriel.b.fernandez/IdeaProjects/Unla/grpc-user-server)
2022-08-25 01:31:57.789  INFO 92145 --- [    Test worker] c.unla.grpc.UserServerApplicationTests   : No active profile set, falling back to 1 default profile: "default"
2022-08-25 01:31:58.314  INFO 92145 --- [    Test worker] .s.d.r.c.RepositoryConfigurationDelegate : Bootstrapping Spring Data JPA repositories in DEFAULT mode.
2022-08-25 01:31:58.354  INFO 92145 --- [    Test worker] .s.d.r.c.RepositoryConfigurationDelegate : Finished Spring Data repository scanning in 34 ms. Found 1 JPA repository interfaces.
2022-08-25 01:31:58.784  INFO 92145 --- [    Test worker] o.hibernate.jpa.internal.util.LogHelper  : HHH000204: Processing PersistenceUnitInfo [name: default]
2022-08-25 01:31:58.821  INFO 92145 --- [    Test worker] org.hibernate.Version                    : HHH000412: Hibernate ORM core version 5.6.10.Final
2022-08-25 01:31:58.939  INFO 92145 --- [    Test worker] o.hibernate.annotations.common.Version   : HCANN000001: Hibernate Commons Annotations {5.1.2.Final}
2022-08-25 01:31:59.005  INFO 92145 --- [    Test worker] com.zaxxer.hikari.HikariDataSource       : HikariPool-1 - Starting...
2022-08-25 01:31:59.081  INFO 92145 --- [    Test worker] com.zaxxer.hikari.HikariDataSource       : HikariPool-1 - Start completed.
2022-08-25 01:31:59.095  INFO 92145 --- [    Test worker] org.hibernate.dialect.Dialect            : HHH000400: Using dialect: org.hibernate.dialect.PostgreSQLDialect
2022-08-25 01:31:59.615  INFO 92145 --- [    Test worker] o.h.e.t.j.p.i.JtaPlatformInitiator       : HHH000490: Using JtaPlatform implementation: [org.hibernate.engine.transaction.jta.platform.internal.NoJtaPlatform]
2022-08-25 01:31:59.621  INFO 92145 --- [    Test worker] j.LocalContainerEntityManagerFactoryBean : Initialized JPA EntityManagerFactory for persistence unit 'default'
2022-08-25 01:32:00.066  WARN 92145 --- [    Test worker] JpaBaseConfiguration$JpaWebConfiguration : spring.jpa.open-in-view is enabled by default. Therefore, database queries may be performed during view rendering. Explicitly configure spring.jpa.open-in-view to disable this warning
2022-08-25 01:32:00.466  INFO 92145 --- [    Test worker] g.s.a.GrpcServerFactoryAutoConfiguration : Detected grpc-netty-shaded: Creating ShadedNettyGrpcServerFactory
2022-08-25 01:32:00.720  INFO 92145 --- [    Test worker] n.d.b.g.s.s.AbstractGrpcServerFactory    : Registered gRPC service: userService, bean: grpcUserService, class: com.unla.grpc.services.grpcs.GrpcUserService
2022-08-25 01:32:00.720  INFO 92145 --- [    Test worker] n.d.b.g.s.s.AbstractGrpcServerFactory    : Registered gRPC service: grpc.health.v1.Health, bean: grpcHealthService, class: io.grpc.protobuf.services.HealthServiceImpl
2022-08-25 01:32:00.720  INFO 92145 --- [    Test worker] n.d.b.g.s.s.AbstractGrpcServerFactory    : Registered gRPC service: grpc.reflection.v1alpha.ServerReflection, bean: protoReflectionService, class: io.grpc.protobuf.services.ProtoReflectionService
2022-08-25 01:32:00.823  INFO 92145 --- [    Test worker] n.d.b.g.s.s.GrpcServerLifecycle          : gRPC Server started, listening on address: *, port: 9090
2022-08-25 01:32:00.842  INFO 92145 --- [    Test worker] c.unla.grpc.UserServerApplicationTests   : Started UserServerApplicationTests in 3.311 seconds (JVM running for 4.22)
]]></system-out>
  <system-err><![CDATA[]]></system-err>
</testsuite>
