<?xml version="1.0" encoding="UTF-8"?>
<testsuite name="com.unla.grpc.UserServerApplicationTests" tests="1" skipped="0" failures="0" errors="0" timestamp="2022-08-26T00:29:56" hostname="AMAC02FPGRMMD6M" time="0.092">
  <properties/>
  <testcase name="contextLoads()" classname="com.unla.grpc.UserServerApplicationTests" time="0.092"/>
  <system-out><![CDATA[21:29:53.069 [Test worker] DEBUG org.springframework.test.context.BootstrapUtils - Instantiating CacheAwareContextLoaderDelegate from class [org.springframework.test.context.cache.DefaultCacheAwareContextLoaderDelegate]
21:29:53.076 [Test worker] DEBUG org.springframework.test.context.BootstrapUtils - Instantiating BootstrapContext using constructor [public org.springframework.test.context.support.DefaultBootstrapContext(java.lang.Class,org.springframework.test.context.CacheAwareContextLoaderDelegate)]
21:29:53.101 [Test worker] DEBUG org.springframework.test.context.BootstrapUtils - Instantiating TestContextBootstrapper for test class [com.unla.grpc.UserServerApplicationTests] from class [org.springframework.boot.test.context.SpringBootTestContextBootstrapper]
21:29:53.110 [Test worker] INFO org.springframework.boot.test.context.SpringBootTestContextBootstrapper - Neither @ContextConfiguration nor @ContextHierarchy found for test class [com.unla.grpc.UserServerApplicationTests], using SpringBootContextLoader
21:29:53.114 [Test worker] DEBUG org.springframework.test.context.support.AbstractContextLoader - Did not detect default resource location for test class [com.unla.grpc.UserServerApplicationTests]: class path resource [com/unla/grpc/UserServerApplicationTests-context.xml] does not exist
21:29:53.114 [Test worker] DEBUG org.springframework.test.context.support.AbstractContextLoader - Did not detect default resource location for test class [com.unla.grpc.UserServerApplicationTests]: class path resource [com/unla/grpc/UserServerApplicationTestsContext.groovy] does not exist
21:29:53.115 [Test worker] INFO org.springframework.test.context.support.AbstractContextLoader - Could not detect default resource locations for test class [com.unla.grpc.UserServerApplicationTests]: no resource found for suffixes {-context.xml, Context.groovy}.
21:29:53.116 [Test worker] INFO org.springframework.test.context.support.AnnotationConfigContextLoaderUtils - Could not detect default configuration classes for test class [com.unla.grpc.UserServerApplicationTests]: UserServerApplicationTests does not declare any static, non-private, non-final, nested classes annotated with @Configuration.
21:29:53.156 [Test worker] DEBUG org.springframework.test.context.support.ActiveProfilesUtils - Could not find an 'annotation declaring class' for annotation type [org.springframework.test.context.ActiveProfiles] and class [com.unla.grpc.UserServerApplicationTests]
21:29:53.213 [Test worker] DEBUG org.springframework.context.annotation.ClassPathScanningCandidateComponentProvider - Identified candidate component class: file [/Users/gabriel.b.fernandez/IdeaProjects/Unla/grpc-user-server/build/classes/java/main/com/unla/grpc/UserServerApplication.class]
21:29:53.214 [Test worker] INFO org.springframework.boot.test.context.SpringBootTestContextBootstrapper - Found @SpringBootConfiguration com.unla.grpc.UserServerApplication for test class com.unla.grpc.UserServerApplicationTests
21:29:53.301 [Test worker] DEBUG org.springframework.boot.test.context.SpringBootTestContextBootstrapper - @TestExecutionListeners is not present for class [com.unla.grpc.UserServerApplicationTests]: using defaults.
21:29:53.302 [Test worker] INFO org.springframework.boot.test.context.SpringBootTestContextBootstrapper - Loaded default TestExecutionListener class names from location [META-INF/spring.factories]: [org.springframework.boot.test.autoconfigure.restdocs.RestDocsTestExecutionListener, org.springframework.boot.test.autoconfigure.web.client.MockRestServiceServerResetTestExecutionListener, org.springframework.boot.test.autoconfigure.web.servlet.MockMvcPrintOnlyOnFailureTestExecutionListener, org.springframework.boot.test.autoconfigure.web.servlet.WebDriverTestExecutionListener, org.springframework.boot.test.autoconfigure.webservices.client.MockWebServiceServerTestExecutionListener, org.springframework.boot.test.mock.mockito.MockitoTestExecutionListener, org.springframework.boot.test.mock.mockito.ResetMocksTestExecutionListener, org.springframework.test.context.web.ServletTestExecutionListener, org.springframework.test.context.support.DirtiesContextBeforeModesTestExecutionListener, org.springframework.test.context.event.ApplicationEventsTestExecutionListener, org.springframework.test.context.support.DependencyInjectionTestExecutionListener, org.springframework.test.context.support.DirtiesContextTestExecutionListener, org.springframework.test.context.transaction.TransactionalTestExecutionListener, org.springframework.test.context.jdbc.SqlScriptsTestExecutionListener, org.springframework.test.context.event.EventPublishingTestExecutionListener]
21:29:53.317 [Test worker] INFO org.springframework.boot.test.context.SpringBootTestContextBootstrapper - Using TestExecutionListeners: [org.springframework.test.context.web.ServletTestExecutionListener@70eecdc2, org.springframework.test.context.support.DirtiesContextBeforeModesTestExecutionListener@c41709a, org.springframework.test.context.event.ApplicationEventsTestExecutionListener@7db0565c, org.springframework.boot.test.mock.mockito.MockitoTestExecutionListener@54ec8cc9, org.springframework.boot.test.autoconfigure.SpringBootDependencyInjectionTestExecutionListener@52eacb4b, org.springframework.test.context.support.DirtiesContextTestExecutionListener@5528a42c, org.springframework.test.context.transaction.TransactionalTestExecutionListener@2a551a63, org.springframework.test.context.jdbc.SqlScriptsTestExecutionListener@1a6f5124, org.springframework.test.context.event.EventPublishingTestExecutionListener@1edb61b1, org.springframework.boot.test.autoconfigure.restdocs.RestDocsTestExecutionListener@ec2bf82, org.springframework.boot.test.autoconfigure.web.client.MockRestServiceServerResetTestExecutionListener@cc62a3b, org.springframework.boot.test.autoconfigure.web.servlet.MockMvcPrintOnlyOnFailureTestExecutionListener@6cc0bcf6, org.springframework.boot.test.autoconfigure.web.servlet.WebDriverTestExecutionListener@29539e36, org.springframework.boot.test.autoconfigure.webservices.client.MockWebServiceServerTestExecutionListener@32f61a31, org.springframework.boot.test.mock.mockito.ResetMocksTestExecutionListener@f5c79a6]
21:29:53.320 [Test worker] DEBUG org.springframework.test.context.support.AbstractDirtiesContextTestExecutionListener - Before test class: context [DefaultTestContext@329a1243 testClass = UserServerApplicationTests, testInstance = [null], testMethod = [null], testException = [null], mergedContextConfiguration = [WebMergedContextConfiguration@ecf9fb3 testClass = UserServerApplicationTests, locations = '{}', classes = '{class com.unla.grpc.UserServerApplication}', contextInitializerClasses = '[]', activeProfiles = '{}', propertySourceLocations = '{}', propertySourceProperties = '{org.springframework.boot.test.context.SpringBootTestContextBootstrapper=true}', contextCustomizers = set[org.springframework.boot.test.autoconfigure.actuate.metrics.MetricsExportContextCustomizerFactory$DisableMetricExportContextCustomizer@a202ccb, org.springframework.boot.test.autoconfigure.properties.PropertyMappingContextCustomizer@0, org.springframework.boot.test.autoconfigure.web.servlet.WebDriverContextCustomizerFactory$Customizer@4044fb95, org.springframework.boot.test.context.filter.ExcludeFilterContextCustomizer@1bb564e2, org.springframework.boot.test.json.DuplicateJsonObjectContextCustomizerFactory$DuplicateJsonObjectContextCustomizer@1cbf6e72, org.springframework.boot.test.mock.mockito.MockitoContextCustomizer@0, org.springframework.boot.test.web.client.TestRestTemplateContextCustomizer@6cfcd46d, org.springframework.boot.test.context.SpringBootTestArgs@1, org.springframework.boot.test.context.SpringBootTestWebEnvironment@2c78324b], resourceBasePath = 'src/main/webapp', contextLoader = 'org.springframework.boot.test.context.SpringBootContextLoader', parent = [null]], attributes = map['org.springframework.test.context.web.ServletTestExecutionListener.activateListener' -> true]], class annotated with @DirtiesContext [false] with mode [null].

  .   ____          _            __ _ _
 /\\ / ___'_ __ _ _(_)_ __  __ _ \ \ \ \
( ( )\___ | '_ | '_| | '_ \/ _` | \ \ \ \
 \\/  ___)| |_)| | | | | || (_| |  ) ) ) )
  '  |____| .__|_| |_|_| |_\__, | / / / /
 =========|_|==============|___/=/_/_/_/
 :: Spring Boot ::                (v2.7.3)

2022-08-25 21:29:53.608  INFO 28554 --- [    Test worker] c.unla.grpc.UserServerApplicationTests   : Starting UserServerApplicationTests using Java 11.0.12 on AMAC02FPGRMMD6M with PID 28554 (started by gabriel.b.fernandez in /Users/gabriel.b.fernandez/IdeaProjects/Unla/grpc-user-server)
2022-08-25 21:29:53.609  INFO 28554 --- [    Test worker] c.unla.grpc.UserServerApplicationTests   : No active profile set, falling back to 1 default profile: "default"
2022-08-25 21:29:54.073  INFO 28554 --- [    Test worker] .s.d.r.c.RepositoryConfigurationDelegate : Bootstrapping Spring Data JPA repositories in DEFAULT mode.
2022-08-25 21:29:54.111  INFO 28554 --- [    Test worker] .s.d.r.c.RepositoryConfigurationDelegate : Finished Spring Data repository scanning in 32 ms. Found 1 JPA repository interfaces.
2022-08-25 21:29:54.522  INFO 28554 --- [    Test worker] o.hibernate.jpa.internal.util.LogHelper  : HHH000204: Processing PersistenceUnitInfo [name: default]
2022-08-25 21:29:54.555  INFO 28554 --- [    Test worker] org.hibernate.Version                    : HHH000412: Hibernate ORM core version 5.6.10.Final
2022-08-25 21:29:54.669  INFO 28554 --- [    Test worker] o.hibernate.annotations.common.Version   : HCANN000001: Hibernate Commons Annotations {5.1.2.Final}
2022-08-25 21:29:54.750  INFO 28554 --- [    Test worker] com.zaxxer.hikari.HikariDataSource       : HikariPool-1 - Starting...
2022-08-25 21:29:54.838  INFO 28554 --- [    Test worker] com.zaxxer.hikari.HikariDataSource       : HikariPool-1 - Start completed.
2022-08-25 21:29:54.852  INFO 28554 --- [    Test worker] org.hibernate.dialect.Dialect            : HHH000400: Using dialect: org.hibernate.dialect.PostgreSQLDialect
2022-08-25 21:29:55.304  INFO 28554 --- [    Test worker] o.h.e.t.j.p.i.JtaPlatformInitiator       : HHH000490: Using JtaPlatform implementation: [org.hibernate.engine.transaction.jta.platform.internal.NoJtaPlatform]
2022-08-25 21:29:55.312  INFO 28554 --- [    Test worker] j.LocalContainerEntityManagerFactoryBean : Initialized JPA EntityManagerFactory for persistence unit 'default'
2022-08-25 21:29:55.735  WARN 28554 --- [    Test worker] JpaBaseConfiguration$JpaWebConfiguration : spring.jpa.open-in-view is enabled by default. Therefore, database queries may be performed during view rendering. Explicitly configure spring.jpa.open-in-view to disable this warning
2022-08-25 21:29:56.091  INFO 28554 --- [    Test worker] g.s.a.GrpcServerFactoryAutoConfiguration : Detected grpc-netty-shaded: Creating ShadedNettyGrpcServerFactory
2022-08-25 21:29:56.279  INFO 28554 --- [    Test worker] n.d.b.g.s.s.AbstractGrpcServerFactory    : Registered gRPC service: userService, bean: grpcUserService, class: com.unla.grpc.services.grpcs.GrpcUserService
2022-08-25 21:29:56.279  INFO 28554 --- [    Test worker] n.d.b.g.s.s.AbstractGrpcServerFactory    : Registered gRPC service: grpc.health.v1.Health, bean: grpcHealthService, class: io.grpc.protobuf.services.HealthServiceImpl
2022-08-25 21:29:56.279  INFO 28554 --- [    Test worker] n.d.b.g.s.s.AbstractGrpcServerFactory    : Registered gRPC service: grpc.reflection.v1alpha.ServerReflection, bean: protoReflectionService, class: io.grpc.protobuf.services.ProtoReflectionService
2022-08-25 21:29:56.370  INFO 28554 --- [    Test worker] n.d.b.g.s.s.GrpcServerLifecycle          : gRPC Server started, listening on address: *, port: 9090
2022-08-25 21:29:56.378  INFO 28554 --- [    Test worker] c.unla.grpc.UserServerApplicationTests   : Started UserServerApplicationTests in 3.019 seconds (JVM running for 4.038)
]]></system-out>
  <system-err><![CDATA[]]></system-err>
</testsuite>
